#
# A fatal error has been detected by the Java Runtime Environment:
#
#  EXCEPTION_ACCESS_VIOLATION (0xc0000005) at pc=0x00000000504a8f45, pid=12492, tid=11248
#
# JRE version: Java(TM) SE Runtime Environment (8.0_91-b15) (build 1.8.0_91-b15)
# Java VM: Java HotSpot(TM) 64-Bit Server VM (25.91-b15 mixed mode windows-amd64 compressed oops)
# Problematic frame:
# V  [jvm.dll+0x128f45]
#
# Failed to write core dump. Minidumps are not enabled by default on client versions of Windows
#
# If you would like to submit a bug report, please visit:
#   http://bugreport.java.com/bugreport/crash.jsp
#

---------------  T H R E A D  ---------------

Current thread (0x000000001d430000):  JavaThread "JDWP Transport Listener: dt_socket" daemon [_thread_in_vm, id=11248, stack(0x000000001db20000,0x000000001dc20000)]

siginfo: ExceptionCode=0xc0000005, reading address 0xffffffffffffffff

Registers:
RAX=0x000000001dc1f001, RBX=0x000000001d430000, RCX=0x0136039601350391, RDX=0x0000000000000000
RSP=0x000000001dc1f030, RBP=0x0136039601350391, RSI=0x000000001dc1f148, RDI=0x00000000003de930
R8 =0x000000001d430000, R9 =0x000000000000ff00, R10=0x0000000000000000, R11=0x0000019b00380018
R12=0x0000000000000000, R13=0x000000001d430868, R14=0x0000000000000000, R15=0x0000000000000000
RIP=0x00000000504a8f45, EFLAGS=0x0000000000010202

Top of Stack: (sp=0x000000001dc1f030)
0x000000001dc1f030:   000000001d430000 00000000206220f0
0x000000001dc1f040:   000000001dc1f0f8 00000000506af32b
0x000000001dc1f050:   000000001d430000 00000000506cbb8d
0x000000001dc1f060:   0000000000000000 000000005d9b9155
0x000000001dc1f070:   0000000020bb8318 000000005d9c291e
0x000000001dc1f080:   000000001d430000 0000000000000000
0x000000001dc1f090:   0000000000000000 0000000000000000
0x000000001dc1f0a0:   0136039601350391 000000005d9c1a15
0x000000001dc1f0b0:   000000001dc1f148 000000001dc1f120
0x000000001dc1f0c0:   0000000000000001 0000000020bb8318
0x000000001dc1f0d0:   0136039601350391 000000005d9a53b3
0x000000001dc1f0e0:   000000001dc1f210 0000000000000001
0x000000001dc1f0f0:   0000000000000001 0000000020bb8318
0x000000001dc1f100:   0000000000000009 0000000000000000
0x000000001dc1f110:   0000000000000000 0000000000000000
0x000000001dc1f120:   0000000000000001 000000005d9a5571 

Instructions: (pc=0x00000000504a8f45)
0x00000000504a8f25:   cc cc cc cc cc cc cc cc cc cc cc 48 83 ec 28 48
0x00000000504a8f35:   85 c9 75 07 33 c0 48 83 c4 28 c3 48 89 5c 24 20
0x00000000504a8f45:   48 8b 19 48 85 db 74 20 48 83 fb 37 74 1a 48 8b
0x00000000504a8f55:   13 48 8b cb ff 52 10 84 c0 74 0d 48 8b c3 48 8b 


Register to memory mapping:

RAX=0x000000001dc1f001 is pointing into the stack for thread: 0x000000001d430000
RBX=0x000000001d430000 is a thread
RCX=0x0136039601350391 is an unknown value
RDX=0x0000000000000000 is an unknown value
RSP=0x000000001dc1f030 is pointing into the stack for thread: 0x000000001d430000
RBP=0x0136039601350391 is an unknown value
RSI=0x000000001dc1f148 is pointing into the stack for thread: 0x000000001d430000
RDI=0x00000000003de930 is an unknown value
R8 =0x000000001d430000 is a thread
R9 =0x000000000000ff00 is an unknown value
R10=0x0000000000000000 is an unknown value
R11=0x0000019b00380018 is an unknown value
R12=0x0000000000000000 is an unknown value
R13=0x000000001d430868 is an unknown value
R14=0x0000000000000000 is an unknown value
R15=0x0000000000000000 is an unknown value


Stack: [0x000000001db20000,0x000000001dc20000],  sp=0x000000001dc1f030,  free space=1020k
Native frames: (J=compiled Java code, j=interpreted, Vv=VM code, C=native code)
V  [jvm.dll+0x128f45]
V  [jvm.dll+0x34bb8d]
C  [jdwp.dll+0x21a15]
C  [jdwp.dll+0x53b3]
C  [jdwp.dll+0x5571]
C  [jdwp.dll+0xf0a8]
C  [jdwp.dll+0x1f2d5]
C  [jdwp.dll+0x1f4aa]
V  [jvm.dll+0x1bbf38]
V  [jvm.dll+0x243ae4]
V  [jvm.dll+0x29a99a]
C  [msvcr100.dll+0x21d9f]
C  [msvcr100.dll+0x21e3b]
C  [kernel32.dll+0x159cd]
C  [ntdll.dll+0x2a561]


---------------  P R O C E S S  ---------------

Java Threads: ( => current thread )
  0x000000002010d000 JavaThread "Abandoned connection cleanup thread" daemon [_thread_blocked, id=12360, stack(0x0000000024420000,0x0000000024520000)]
  0x0000000020c4b000 JavaThread "Tomcat JDBC Pool Cleaner[414493378:1528784439173]" daemon [_thread_blocked, id=13584, stack(0x000000001f8d0000,0x000000001f9d0000)]
  0x0000000020c48000 JavaThread "DestroyJavaVM" [_thread_blocked, id=12712, stack(0x0000000002620000,0x0000000002720000)]
  0x0000000020c47000 JavaThread "http-nio-8089-AsyncTimeout" daemon [_thread_blocked, id=13548, stack(0x0000000023430000,0x0000000023530000)]
  0x0000000020c46800 JavaThread "http-nio-8089-Acceptor-0" daemon [_thread_in_native, id=11196, stack(0x0000000023a20000,0x0000000023b20000)]
  0x0000000020c45800 JavaThread "http-nio-8089-ClientPoller-1" daemon [_thread_blocked, id=13304, stack(0x0000000023870000,0x0000000023970000)]
  0x0000000020c45000 JavaThread "http-nio-8089-ClientPoller-0" daemon [_thread_blocked, id=13908, stack(0x0000000023720000,0x0000000023820000)]
  0x0000000020c44000 JavaThread "http-nio-8089-exec-10" daemon [_thread_blocked, id=12336, stack(0x00000000235d0000,0x00000000236d0000)]
  0x0000000020b37000 JavaThread "http-nio-8089-exec-9" daemon [_thread_blocked, id=11520, stack(0x0000000023230000,0x0000000023330000)]
  0x0000000020b36000 JavaThread "http-nio-8089-exec-8" daemon [_thread_blocked, id=7492, stack(0x0000000023330000,0x0000000023430000)]
  0x0000000020b35800 JavaThread "http-nio-8089-exec-7" daemon [_thread_blocked, id=12024, stack(0x00000000230f0000,0x00000000231f0000)]
  0x0000000020b34800 JavaThread "http-nio-8089-exec-6" daemon [_thread_blocked, id=14136, stack(0x0000000022fe0000,0x00000000230e0000)]
  0x0000000020b34000 JavaThread "http-nio-8089-exec-5" daemon [_thread_blocked, id=14168, stack(0x0000000022e00000,0x0000000022f00000)]
  0x0000000020b33000 JavaThread "http-nio-8089-exec-4" daemon [_thread_blocked, id=11280, stack(0x0000000022d00000,0x0000000022e00000)]
  0x0000000020b32800 JavaThread "http-nio-8089-exec-3" daemon [_thread_blocked, id=10504, stack(0x0000000022b80000,0x0000000022c80000)]
  0x0000000020b31800 JavaThread "http-nio-8089-exec-2" daemon [_thread_blocked, id=10392, stack(0x0000000022a60000,0x0000000022b60000)]
  0x0000000020b31000 JavaThread "http-nio-8089-exec-1" daemon [_thread_blocked, id=11740, stack(0x0000000022880000,0x0000000022980000)]
  0x0000000020b30000 JavaThread "NioBlockingSelector.BlockPoller-1" daemon [_thread_blocked, id=12284, stack(0x00000000226c0000,0x00000000227c0000)]
  0x0000000020a43800 JavaThread "container-0" [_thread_blocked, id=8760, stack(0x00000000220e0000,0x00000000221e0000)]
  0x0000000020a24800 JavaThread "ContainerBackgroundProcessor[StandardEngine[Tomcat]]" daemon [_thread_blocked, id=8188, stack(0x00000000213a0000,0x00000000214a0000)]
  0x000000001ffa8800 JavaThread "RMI Scheduler(0)" daemon [_thread_blocked, id=11592, stack(0x000000001f7b0000,0x000000001f8b0000)]
  0x000000001ebbe800 JavaThread "RMI TCP Accept-0" daemon [_thread_in_native, id=11796, stack(0x000000001f360000,0x000000001f460000)]
  0x000000001eb6b800 JavaThread "RMI TCP Accept-57295" daemon [_thread_in_native, id=10532, stack(0x000000001e6f0000,0x000000001e7f0000)]
  0x000000001eb59000 JavaThread "RMI TCP Accept-0" daemon [_thread_in_native, id=13848, stack(0x000000001f1a0000,0x000000001f2a0000)]
  0x000000001d4ad000 JavaThread "Service Thread" daemon [_thread_blocked, id=10668, stack(0x000000001e070000,0x000000001e170000)]
  0x000000001d45e000 JavaThread "C1 CompilerThread2" daemon [_thread_blocked, id=9456, stack(0x000000001e2e0000,0x000000001e3e0000)]
  0x000000001d454000 JavaThread "C2 CompilerThread1" daemon [_thread_blocked, id=12972, stack(0x000000001e190000,0x000000001e290000)]
  0x000000001d457000 JavaThread "C2 CompilerThread0" daemon [_thread_blocked, id=13488, stack(0x000000001df20000,0x000000001e020000)]
  0x000000001d43e800 JavaThread "JDWP Command Reader" daemon [_thread_in_native, id=7568, stack(0x000000001dc40000,0x000000001dd40000)]
  0x000000001d43d000 JavaThread "JDWP Event Helper Thread" daemon [_thread_blocked, id=10760, stack(0x000000001dd70000,0x000000001de70000)]
=>0x000000001d430000 JavaThread "JDWP Transport Listener: dt_socket" daemon [_thread_in_vm, id=11248, stack(0x000000001db20000,0x000000001dc20000)]
  0x000000001d413800 JavaThread "Attach Listener" daemon [_thread_blocked, id=12896, stack(0x000000001cf40000,0x000000001d040000)]
  0x000000001d412800 JavaThread "Signal Dispatcher" daemon [_thread_blocked, id=14100, stack(0x000000001d8b0000,0x000000001d9b0000)]
  0x000000001bf23800 JavaThread "Finalizer" daemon [_thread_blocked, id=12664, stack(0x000000001d300000,0x000000001d400000)]
  0x000000001beda800 JavaThread "Reference Handler" daemon [_thread_blocked, id=10940, stack(0x000000001d1d0000,0x000000001d2d0000)]

Other Threads:
  0x000000001bed5000 VMThread [stack: 0x000000001d040000,0x000000001d140000] [id=12140]
  0x000000001ebc2000 WatcherThread [stack: 0x000000001f490000,0x000000001f590000] [id=11396]

VM state:not at safepoint (normal execution)

VM Mutex/Monitor currently owned by a thread: None

Heap:
 PSYoungGen      total 368640K, used 56702K [0x000000076b580000, 0x0000000786180000, 0x00000007c0000000)
  eden space 348672K, 16% used [0x000000076b580000,0x000000076ecdfbb0,0x0000000780a00000)
  from space 19968K, 0% used [0x0000000781c80000,0x0000000781c80000,0x0000000783000000)
  to   space 18944K, 0% used [0x0000000780a00000,0x0000000780a00000,0x0000000781c80000)
 ParOldGen       total 140288K, used 20850K [0x00000006c2000000, 0x00000006ca900000, 0x000000076b580000)
  object space 140288K, 14% used [0x00000006c2000000,0x00000006c345c868,0x00000006ca900000)
 Metaspace       used 41289K, capacity 41892K, committed 42240K, reserved 1085440K
  class space    used 5183K, capacity 5373K, committed 5376K, reserved 1048576K

Card table byte_map: [0x0000000011b70000,0x0000000012370000] byte_map_base: 0x000000000e560000

Marking Bits: (ParMarkBitMap*) 0x0000000050b92f70
 Begin Bits: [0x0000000012e50000, 0x0000000016dd0000)
 End Bits:   [0x0000000016dd0000, 0x000000001ad50000)

Polling page: 0x00000000001c0000

CodeCache: size=245760Kb used=9146Kb max_used=9276Kb free=236613Kb
 bounds [0x00000000027b0000, 0x00000000030c0000, 0x00000000117b0000]
 total_blobs=4743 nmethods=4250 adapters=413
 compilation: enabled

Compilation events (10 events):
Event: 214.237 Thread 0x000000001d45e000 4323       1       sun.nio.ch.WindowsSelectorImpl::access$1600 (5 bytes)
Event: 214.237 Thread 0x000000001d45e000 nmethod 4323 0x0000000002c06650 code [0x0000000002c067a0, 0x0000000002c06890]
Event: 215.535 Thread 0x000000001d45e000 4324       1       sun.nio.ch.WindowsSelectorImpl$SubSelector::processSelectedKeys (64 bytes)
Event: 215.536 Thread 0x000000001d45e000 nmethod 4324 0x0000000002cb05d0 code [0x0000000002cb0740, 0x0000000002cb0928]
Event: 351.433 Thread 0x000000001d45e000 4326       1       java.util.AbstractCollection::toString (89 bytes)
Event: 351.434 Thread 0x000000001d45e000 nmethod 4326 0x0000000002cde190 code [0x0000000002cde3a0, 0x0000000002cdea08]
Event: 354.507 Thread 0x000000001d45e000 4327       1       org.apache.tomcat.jdbc.pool.ConnectionPool::getPoolProperties (5 bytes)
Event: 354.507 Thread 0x000000001d45e000 nmethod 4327 0x0000000002db0450 code [0x0000000002db05a0, 0x0000000002db06b0]
Event: 483.391 Thread 0x000000001d45e000 4328       1       org.apache.catalina.LifecycleEvent::getType (5 bytes)
Event: 483.391 Thread 0x000000001d45e000 nmethod 4328 0x0000000002ca8e10 code [0x0000000002ca8f60, 0x0000000002ca9070]

GC Heap History (10 events):
Event: 1.366 GC heap before
{Heap before GC invocations=4 (full 1):
 PSYoungGen      total 140800K, used 9562K [0x000000076b580000, 0x000000077c880000, 0x00000007c0000000)
  eden space 130048K, 0% used [0x000000076b580000,0x000000076b580000,0x0000000773480000)
  from space 10752K, 88% used [0x0000000773480000,0x0000000773dd6b80,0x0000000773f00000)
  to   space 10752K, 0% used [0x000000077be00000,0x000000077be00000,0x000000077c880000)
 ParOldGen       total 173568K, used 104K [0x00000006c2000000, 0x00000006cc980000, 0x000000076b580000)
  object space 173568K, 0% used [0x00000006c2000000,0x00000006c201a010,0x00000006cc980000)
 Metaspace       used 20702K, capacity 21150K, committed 21248K, reserved 1067008K
  class space    used 2615K, capacity 2744K, committed 2816K, reserved 1048576K
Event: 1.404 GC heap after
Heap after GC invocations=4 (full 1):
 PSYoungGen      total 140800K, used 0K [0x000000076b580000, 0x000000077c880000, 0x00000007c0000000)
  eden space 130048K, 0% used [0x000000076b580000,0x000000076b580000,0x0000000773480000)
  from space 10752K, 0% used [0x0000000773480000,0x0000000773480000,0x0000000773f00000)
  to   space 10752K, 0% used [0x000000077be00000,0x000000077be00000,0x000000077c880000)
 ParOldGen       total 94720K, used 9402K [0x00000006c2000000, 0x00000006c7c80000, 0x000000076b580000)
  object space 94720K, 9% used [0x00000006c2000000,0x00000006c292e950,0x00000006c7c80000)
 Metaspace       used 20702K, capacity 21150K, committed 21248K, reserved 1067008K
  class space    used 2615K, capacity 2744K, committed 2816K, reserved 1048576K
}
Event: 2.134 GC heap before
{Heap before GC invocations=5 (full 1):
 PSYoungGen      total 140800K, used 130048K [0x000000076b580000, 0x000000077c880000, 0x00000007c0000000)
  eden space 130048K, 100% used [0x000000076b580000,0x0000000773480000,0x0000000773480000)
  from space 10752K, 0% used [0x0000000773480000,0x0000000773480000,0x0000000773f00000)
  to   space 10752K, 0% used [0x000000077be00000,0x000000077be00000,0x000000077c880000)
 ParOldGen       total 94720K, used 9402K [0x00000006c2000000, 0x00000006c7c80000, 0x000000076b580000)
  object space 94720K, 9% used [0x00000006c2000000,0x00000006c292e950,0x00000006c7c80000)
 Metaspace       used 28113K, capacity 28512K, committed 28928K, reserved 1075200K
  class space    used 3605K, capacity 3715K, committed 3840K, reserved 1048576K
Event: 2.150 GC heap after
Heap after GC invocations=5 (full 1):
 PSYoungGen      total 226816K, used 10740K [0x000000076b580000, 0x000000077c880000, 0x00000007c0000000)
  eden space 216064K, 0% used [0x000000076b580000,0x000000076b580000,0x0000000778880000)
  from space 10752K, 99% used [0x000000077be00000,0x000000077c87d180,0x000000077c880000)
  to   space 10752K, 0% used [0x000000077b380000,0x000000077b380000,0x000000077be00000)
 ParOldGen       total 94720K, used 11444K [0x00000006c2000000, 0x00000006c7c80000, 0x000000076b580000)
  object space 94720K, 12% used [0x00000006c2000000,0x00000006c2b2d338,0x00000006c7c80000)
 Metaspace       used 28113K, capacity 28512K, committed 28928K, reserved 1075200K
  class space    used 3605K, capacity 3715K, committed 3840K, reserved 1048576K
}
Event: 3.263 GC heap before
{Heap before GC invocations=6 (full 1):
 PSYoungGen      total 226816K, used 226804K [0x000000076b580000, 0x000000077c880000, 0x00000007c0000000)
  eden space 216064K, 100% used [0x000000076b580000,0x0000000778880000,0x0000000778880000)
  from space 10752K, 99% used [0x000000077be00000,0x000000077c87d180,0x000000077c880000)
  to   space 10752K, 0% used [0x000000077b380000,0x000000077b380000,0x000000077be00000)
 ParOldGen       total 94720K, used 11444K [0x00000006c2000000, 0x00000006c7c80000, 0x000000076b580000)
  object space 94720K, 12% used [0x00000006c2000000,0x00000006c2b2d338,0x00000006c7c80000)
 Metaspace       used 32983K, capacity 33524K, committed 33920K, reserved 1079296K
  class space    used 4238K, capacity 4353K, committed 4480K, reserved 1048576K
Event: 3.277 GC heap after
Heap after GC invocations=6 (full 1):
 PSYoungGen      total 270848K, used 10741K [0x000000076b580000, 0x0000000783000000, 0x00000007c0000000)
  eden space 260096K, 0% used [0x000000076b580000,0x000000076b580000,0x000000077b380000)
  from space 10752K, 99% used [0x000000077b380000,0x000000077bdfd5d8,0x000000077be00000)
  to   space 19968K, 0% used [0x0000000781c80000,0x0000000781c80000,0x0000000783000000)
 ParOldGen       total 94720K, used 22273K [0x00000006c2000000, 0x00000006c7c80000, 0x000000076b580000)
  object space 94720K, 23% used [0x00000006c2000000,0x00000006c35c06d0,0x00000006c7c80000)
 Metaspace       used 32983K, capacity 33524K, committed 33920K, reserved 1079296K
  class space    used 4238K, capacity 4353K, committed 4480K, reserved 1048576K
}
Event: 62.751 GC heap before
{Heap before GC invocations=7 (full 1):
 PSYoungGen      total 270848K, used 56492K [0x000000076b580000, 0x0000000783000000, 0x00000007c0000000)
  eden space 260096K, 17% used [0x000000076b580000,0x000000076e22dd28,0x000000077b380000)
  from space 10752K, 99% used [0x000000077b380000,0x000000077bdfd5d8,0x000000077be00000)
  to   space 19968K, 0% used [0x0000000781c80000,0x0000000781c80000,0x0000000783000000)
 ParOldGen       total 94720K, used 22273K [0x00000006c2000000, 0x00000006c7c80000, 0x000000076b580000)
  object space 94720K, 23% used [0x00000006c2000000,0x00000006c35c06d0,0x00000006c7c80000)
 Metaspace       used 34757K, capacity 35284K, committed 35416K, reserved 1081344K
  class space    used 4460K, capacity 4590K, committed 4608K, reserved 1048576K
Event: 62.761 GC heap after
Heap after GC invocations=7 (full 1):
 PSYoungGen      total 368640K, used 11601K [0x000000076b580000, 0x0000000786180000, 0x00000007c0000000)
  eden space 348672K, 0% used [0x000000076b580000,0x000000076b580000,0x0000000780a00000)
  from space 19968K, 58% used [0x0000000781c80000,0x00000007827d47f0,0x0000000783000000)
  to   space 18944K, 0% used [0x0000000780a00000,0x0000000780a00000,0x0000000781c80000)
 ParOldGen       total 94720K, used 22281K [0x00000006c2000000, 0x00000006c7c80000, 0x000000076b580000)
  object space 94720K, 23% used [0x00000006c2000000,0x00000006c35c26d0,0x00000006c7c80000)
 Metaspace       used 34757K, capacity 35284K, committed 35416K, reserved 1081344K
  class space    used 4460K, capacity 4590K, committed 4608K, reserved 1048576K
}
Event: 62.761 GC heap before
{Heap before GC invocations=8 (full 2):
 PSYoungGen      total 368640K, used 11601K [0x000000076b580000, 0x0000000786180000, 0x00000007c0000000)
  eden space 348672K, 0% used [0x000000076b580000,0x000000076b580000,0x0000000780a00000)
  from space 19968K, 58% used [0x0000000781c80000,0x00000007827d47f0,0x0000000783000000)
  to   space 18944K, 0% used [0x0000000780a00000,0x0000000780a00000,0x0000000781c80000)
 ParOldGen       total 94720K, used 22281K [0x00000006c2000000, 0x00000006c7c80000, 0x000000076b580000)
  object space 94720K, 23% used [0x00000006c2000000,0x00000006c35c26d0,0x00000006c7c80000)
 Metaspace       used 34757K, capacity 35284K, committed 35416K, reserved 1081344K
  class space    used 4460K, capacity 4590K, committed 4608K, reserved 1048576K
Event: 62.813 GC heap after
Heap after GC invocations=8 (full 2):
 PSYoungGen      total 368640K, used 0K [0x000000076b580000, 0x0000000786180000, 0x00000007c0000000)
  eden space 348672K, 0% used [0x000000076b580000,0x000000076b580000,0x0000000780a00000)
  from space 19968K, 0% used [0x0000000781c80000,0x0000000781c80000,0x0000000783000000)
  to   space 18944K, 0% used [0x0000000780a00000,0x0000000780a00000,0x0000000781c80000)
 ParOldGen       total 140288K, used 20850K [0x00000006c2000000, 0x00000006ca900000, 0x000000076b580000)
  object space 140288K, 14% used [0x00000006c2000000,0x00000006c345c868,0x00000006ca900000)
 Metaspace       used 34757K, capacity 35284K, committed 35416K, reserved 1081344K
  class space    used 4460K, capacity 4590K, committed 4608K, reserved 1048576K
}

Deoptimization events (0 events):
No events

Internal exceptions (10 events):
Event: 63.282 Thread 0x0000000020b31000 Exception <a 'java/lang/ArrayIndexOutOfBoundsException'> (0x000000076dd466e8) thrown at [C:\re\workspace\8-2-build-windows-amd64-cygwin\jdk8u91\7017\hotspot\src\share\vm\runtime\sharedRuntime.cpp, line 605]
Event: 63.294 Thread 0x0000000020b31000 Exception <a 'java/lang/ArrayIndexOutOfBoundsException'> (0x000000076de5f048) thrown at [C:\re\workspace\8-2-build-windows-amd64-cygwin\jdk8u91\7017\hotspot\src\share\vm\runtime\sharedRuntime.cpp, line 605]
Event: 63.295 Thread 0x0000000020b31000 Exception <a 'java/lang/ArrayIndexOutOfBoundsException'> (0x000000076de784e8) thrown at [C:\re\workspace\8-2-build-windows-amd64-cygwin\jdk8u91\7017\hotspot\src\share\vm\runtime\sharedRuntime.cpp, line 605]
Event: 63.308 Thread 0x0000000020b31000 Exception <a 'java/lang/ArrayIndexOutOfBoundsException'> (0x000000076dfb1628) thrown at [C:\re\workspace\8-2-build-windows-amd64-cygwin\jdk8u91\7017\hotspot\src\share\vm\runtime\sharedRuntime.cpp, line 605]
Event: 65.669 Thread 0x0000000020b31000 Exception <a 'java/net/SocketTimeoutException': Read timed out> (0x000000076dfe7e80) thrown at [C:\re\workspace\8-2-build-windows-amd64-cygwin\jdk8u91\7017\hotspot\src\share\vm\prims\jni.cpp, line 735]
Event: 65.692 Thread 0x0000000020b31000 Exception <a 'java/lang/ArrayIndexOutOfBoundsException'> (0x000000076e5069e0) thrown at [C:\re\workspace\8-2-build-windows-amd64-cygwin\jdk8u91\7017\hotspot\src\share\vm\runtime\sharedRuntime.cpp, line 605]
Event: 66.876 Thread 0x0000000020b31000 Exception <a 'java/lang/ArrayIndexOutOfBoundsException'> (0x000000076e532588) thrown at [C:\re\workspace\8-2-build-windows-amd64-cygwin\jdk8u91\7017\hotspot\src\share\vm\runtime\sharedRuntime.cpp, line 605]
Event: 66.876 Thread 0x0000000020b31000 Exception <a 'java/lang/ArrayIndexOutOfBoundsException'> (0x000000076e534998) thrown at [C:\re\workspace\8-2-build-windows-amd64-cygwin\jdk8u91\7017\hotspot\src\share\vm\runtime\sharedRuntime.cpp, line 605]
Event: 66.880 Thread 0x0000000020b31000 Exception <a 'java/lang/ArrayIndexOutOfBoundsException'> (0x000000076e554930) thrown at [C:\re\workspace\8-2-build-windows-amd64-cygwin\jdk8u91\7017\hotspot\src\share\vm\runtime\sharedRuntime.cpp, line 605]
Event: 67.959 Thread 0x0000000020b31000 Exception <a 'java/lang/ArrayIndexOutOfBoundsException'> (0x000000076e5ba380) thrown at [C:\re\workspace\8-2-build-windows-amd64-cygwin\jdk8u91\7017\hotspot\src\share\vm\runtime\sharedRuntime.cpp, line 605]

Events (10 events):
Event: 776.340 Executing VM operation: ChangeBreakpoints
Event: 776.341 Executing VM operation: ChangeBreakpoints done
Event: 776.348 Executing VM operation: ChangeBreakpoints
Event: 776.350 Executing VM operation: ChangeBreakpoints done
Event: 776.352 Executing VM operation: ChangeBreakpoints
Event: 776.354 Executing VM operation: ChangeBreakpoints done
Event: 776.360 Executing VM operation: ChangeBreakpoints
Event: 776.361 Executing VM operation: ChangeBreakpoints done
Event: 776.363 Executing VM operation: ChangeBreakpoints
Event: 776.365 Executing VM operation: ChangeBreakpoints done


Dynamic libraries:
0x000000013f570000 - 0x000000013f5a7000 	D:\Java\jdk1.8.0_91\bin\java.exe
0x0000000077540000 - 0x00000000776ea000 	C:\Windows\SYSTEM32\ntdll.dll
0x0000000077320000 - 0x000000007743f000 	C:\Windows\system32\kernel32.dll
0x000007fefd550000 - 0x000007fefd5ba000 	C:\Windows\system32\KERNELBASE.dll
0x000007fefef10000 - 0x000007fefefeb000 	C:\Windows\system32\ADVAPI32.dll
0x000007feff7b0000 - 0x000007feff84f000 	C:\Windows\system32\msvcrt.dll
0x000007fefd910000 - 0x000007fefd92f000 	C:\Windows\SYSTEM32\sechost.dll
0x000007feff680000 - 0x000007feff7ad000 	C:\Windows\system32\RPCRT4.dll
0x0000000077440000 - 0x000000007753a000 	C:\Windows\system32\USER32.dll
0x000007feff610000 - 0x000007feff677000 	C:\Windows\system32\GDI32.dll
0x000007fefeed0000 - 0x000007fefeede000 	C:\Windows\system32\LPK.dll
0x000007fefee00000 - 0x000007fefeecb000 	C:\Windows\system32\USP10.dll
0x000007fefbe10000 - 0x000007fefc004000 	C:\Windows\WinSxS\amd64_microsoft.windows.common-controls_6595b64144ccf1df_6.0.7601.17514_none_fa396087175ac9ac\COMCTL32.dll
0x000007fefeb30000 - 0x000007fefeba1000 	C:\Windows\system32\SHLWAPI.dll
0x000007fefeee0000 - 0x000007fefef0e000 	C:\Windows\system32\IMM32.DLL
0x000007feff200000 - 0x000007feff309000 	C:\Windows\system32\MSCTF.dll
0x0000000056c20000 - 0x0000000056cf2000 	D:\Java\jdk1.8.0_91\jre\bin\msvcr100.dll
0x0000000050380000 - 0x0000000050c13000 	D:\Java\jdk1.8.0_91\jre\bin\server\jvm.dll
0x000007fef96f0000 - 0x000007fef96f9000 	C:\Windows\system32\WSOCK32.dll
0x000007fefedb0000 - 0x000007fefedfd000 	C:\Windows\system32\WS2_32.dll
0x000007fefeff0000 - 0x000007fefeff8000 	C:\Windows\system32\NSI.dll
0x000007fefb220000 - 0x000007fefb25b000 	C:\Windows\system32\WINMM.dll
0x000007fefc5f0000 - 0x000007fefc5fc000 	C:\Windows\system32\VERSION.dll
0x0000000077700000 - 0x0000000077707000 	C:\Windows\system32\PSAPI.DLL
0x000000005ba90000 - 0x000000005ba9f000 	D:\Java\jdk1.8.0_91\jre\bin\verify.dll
0x0000000058fc0000 - 0x0000000058fe9000 	D:\Java\jdk1.8.0_91\jre\bin\java.dll
0x000000005d9a0000 - 0x000000005d9d5000 	D:\Java\jdk1.8.0_91\jre\bin\jdwp.dll
0x0000000070120000 - 0x0000000070128000 	D:\Java\jdk1.8.0_91\jre\bin\npt.dll
0x0000000059000000 - 0x0000000059016000 	D:\Java\jdk1.8.0_91\jre\bin\zip.dll
0x000007fefd930000 - 0x000007fefe6ba000 	C:\Windows\system32\SHELL32.dll
0x000007feff000000 - 0x000007feff1fc000 	C:\Windows\system32\ole32.dll
0x000007fefd4a0000 - 0x000007fefd4af000 	C:\Windows\system32\profapi.dll
0x0000000070130000 - 0x0000000070139000 	D:\Java\jdk1.8.0_91\jre\bin\dt_socket.dll
0x000007fefccc0000 - 0x000007fefcd15000 	C:\Windows\system32\mswsock.dll
0x000007fefc6c0000 - 0x000007fefc6c7000 	C:\Windows\System32\wshtcpip.dll
0x0000000070080000 - 0x000000007008d000 	D:\Java\jdk1.8.0_91\jre\bin\management.dll
0x0000000057710000 - 0x000000005772a000 	D:\Java\jdk1.8.0_91\jre\bin\net.dll
0x000007fefccb0000 - 0x000007fefccb7000 	C:\Windows\System32\wship6.dll
0x00000000576f0000 - 0x0000000057701000 	D:\Java\jdk1.8.0_91\jre\bin\nio.dll
0x000007fefc010000 - 0x000007fefc025000 	C:\Windows\system32\NLAapi.dll
0x000007feedd40000 - 0x000007feedd55000 	C:\Windows\system32\napinsp.dll
0x000007feed710000 - 0x000007feed729000 	C:\Windows\system32\pnrpnsp.dll
0x000007fefcb40000 - 0x000007fefcb9b000 	C:\Windows\system32\DNSAPI.dll
0x000007feedd30000 - 0x000007feedd3b000 	C:\Windows\System32\winrnr.dll
0x000007feed700000 - 0x000007feed710000 	C:\Windows\system32\wshbth.dll
0x0000000070380000 - 0x00000000703a6000 	C:\Program Files\Bonjour\mdnsNSP.dll
0x000007fefaa00000 - 0x000007fefaa27000 	C:\Windows\system32\Iphlpapi.DLL
0x000007fefa8f0000 - 0x000007fefa8fb000 	C:\Windows\system32\WINNSI.DLL
0x000007fef7ac0000 - 0x000007fef7ac8000 	C:\Windows\system32\rasadhlp.dll
0x000007fefa880000 - 0x000007fefa8d3000 	C:\Windows\System32\fwpuclnt.dll
0x000007fefcd20000 - 0x000007fefcd38000 	C:\Windows\system32\CRYPTSP.dll
0x000007fefca20000 - 0x000007fefca67000 	C:\Windows\system32\rsaenh.dll
0x000007fefc7e0000 - 0x000007fefc7fe000 	C:\Windows\system32\USERENV.dll
0x000007fefd390000 - 0x000007fefd39f000 	C:\Windows\system32\CRYPTBASE.dll
0x000007fefa7b0000 - 0x000007fefa7c1000 	C:\Windows\system32\dhcpcsvc6.DLL
0x000007fefa790000 - 0x000007fefa7a8000 	C:\Windows\system32\dhcpcsvc.DLL
0x0000000070050000 - 0x0000000070074000 	D:\Java\jdk1.8.0_91\jre\bin\sunec.dll
0x000007fef4550000 - 0x000007fef4675000 	C:\Windows\system32\dbghelp.dll

VM Arguments:
jvm_args: -agentlib:jdwp=transport=dt_socket,address=127.0.0.1:57296,suspend=y,server=n -XX:TieredStopAtLevel=1 -Xverify:none -Dspring.output.ansi.enabled=always -Dcom.sun.management.jmxremote -Dcom.sun.management.jmxremote.port=57295 -Dcom.sun.management.jmxremote.authenticate=false -Dcom.sun.management.jmxremote.ssl=false -Dspring.liveBeansView.mbeanDomain -Dspring.application.admin.enabled=true -Dfile.encoding=UTF-8 
java_command: com.hiekn.plantdata.DataGraphApplication
java_class_path (initial): D:\Java\jdk1.8.0_91\jre\lib\charsets.jar;D:\Java\jdk1.8.0_91\jre\lib\deploy.jar;D:\Java\jdk1.8.0_91\jre\lib\ext\access-bridge-64.jar;D:\Java\jdk1.8.0_91\jre\lib\ext\cldrdata.jar;D:\Java\jdk1.8.0_91\jre\lib\ext\dnsns.jar;D:\Java\jdk1.8.0_91\jre\lib\ext\jaccess.jar;D:\Java\jdk1.8.0_91\jre\lib\ext\jfxrt.jar;D:\Java\jdk1.8.0_91\jre\lib\ext\localedata.jar;D:\Java\jdk1.8.0_91\jre\lib\ext\nashorn.jar;D:\Java\jdk1.8.0_91\jre\lib\ext\sunec.jar;D:\Java\jdk1.8.0_91\jre\lib\ext\sunjce_provider.jar;D:\Java\jdk1.8.0_91\jre\lib\ext\sunmscapi.jar;D:\Java\jdk1.8.0_91\jre\lib\ext\sunpkcs11.jar;D:\Java\jdk1.8.0_91\jre\lib\ext\zipfs.jar;D:\Java\jdk1.8.0_91\jre\lib\javaws.jar;D:\Java\jdk1.8.0_91\jre\lib\jce.jar;D:\Java\jdk1.8.0_91\jre\lib\jfr.jar;D:\Java\jdk1.8.0_91\jre\lib\jfxswt.jar;D:\Java\jdk1.8.0_91\jre\lib\jsse.jar;D:\Java\jdk1.8.0_91\jre\lib\management-agent.jar;D:\Java\jdk1.8.0_91\jre\lib\plugin.jar;D:\Java\jdk1.8.0_91\jre\lib\resources.jar;D:\Java\jdk1.8.0_91\jre\lib\rt.jar;E:\IDEAProject\data-graph\target\classes;D:\maven\mavendownload\repo\org\springframework\boot\spring-boot-starter-web\1.5.9.RELEASE\spring-boot-starter-web-1.5.9.RELEASE.jar;D:\maven\mavendownload\repo\org\springframework\boot\spring-boot-starter\1.5.9.RELEASE\spring-boot-starter-1.5.9.RELEASE.jar;D:\maven\mavendownload\repo\org\springframework\boot\spring-boot\1.5.9.RELEASE\spring-boot-1.5.9.RELEASE.jar;D:\maven\mavendownload\repo\org\springframework\boot\spring-boot-autoconfigure\1.5.9.RELEASE\spring-boot-autoconfigure-1.5.9.RELEASE.jar;D:\maven\mavendownload\repo\org\springframework\boot\spring-boot-starter-logging\1.5.9.RELEASE\spring-boot-starter-logging-1.5.9.RELEASE.jar;D:\maven\mavendownload\repo\ch\qos\logback\logback-classic\1.1.11\logback-classic-1.1.11.jar;D:\maven\mavendownload\repo\ch\qos\logback\logback-core\1.1.11\logback-core-1.1.11.jar;D:\maven\mavendownload\repo\org\slf4j\jul-to-slf4j\1.7.25\jul-to-slf4j-1.7.25.jar;D:\maven\mavendownload\repo\org\slf4j\log4j-ov
Launcher Type: SUN_STANDARD

Environment Variables:
JAVA_HOME=D:\Java\jdk1.8.0_91
CLASSPATH=.;D:\Java\jdk1.8.0_91\lib\dt.jar;D:\Java\jdk1.8.0_91\lib\tools.jar;
PATH=F:\app\Admin\product\11.2.0\client_1\bin;C:\ProgramData\Oracle\Java\javapath;C:\Windows\system32;C:\Windows;C:\Windows\System32\Wbem;C:\Windows\System32\WindowsPowerShell\v1.0\;C:\Program Files (x86)\NVIDIA Corporation\PhysX\Common;d:\Program Files\Git\cmd;D:\Java\jdk1.8.0_91\bin;D:\Java\jdk1.8.0_91\jre\bin;D:\maven\apache-maven-3.5.0\bin;D:\apache-ant-1.10.1\bin;C:\Program Files (x86)\Microsoft SQL Server\100\Tools\Binn\VSShell\Common7\IDE\;C:\Program Files (x86)\Microsoft SQL Server\100\Tools\Binn\;C:\Program Files\Microsoft SQL Server\100\Tools\Binn\;C:\Program Files (x86)\Microsoft SQL Server\100\DTS\Binn\;C:\Program Files\nodejs\;C:\Users\Admin\AppData\Roaming\npm
USERNAME=Admin
OS=Windows_NT
PROCESSOR_IDENTIFIER=Intel64 Family 6 Model 158 Stepping 9, GenuineIntel



---------------  S Y S T E M  ---------------

OS: Windows 7 , 64 bit Build 7601 (6.1.7601.23915)

CPU:total 4 (4 cores per cpu, 1 threads per core) family 6 model 158 stepping 9, cmov, cx8, fxsr, mmx, sse, sse2, sse3, ssse3, sse4.1, sse4.2, popcnt, avx, avx2, aes, clmul, erms, rtm, 3dnowpref, lzcnt, tsc, tscinvbit, bmi1, bmi2, adx

Memory: 4k page, physical 16639736k(5785264k free), swap 33277612k(20983972k free)

vm_info: Java HotSpot(TM) 64-Bit Server VM (25.91-b15) for windows-amd64 JRE (1.8.0_91-b15), built on May 20 2016 17:43:15 by "java_re" with MS VC++ 10.0 (VS2010)

time: Tue Jun 12 14:32:32 2018
elapsed time: 776 seconds (0d 0h 12m 56s)

